/*C3*/SET SCHEMA PUBLIC
CREATE  table IF NOT EXISTS movies (id INTEGER IDENTITY PRIMARY KEY, title VARCHAR(100), poster VARCHAR(250), type VARCHAR(100), year VARCHAR(25), imdbId VARCHAR(100), genre VARCHAR(250))
DISCONNECT
/*C4*/SET SCHEMA PUBLIC
CREATE  table IF NOT EXISTS movies (id INTEGER IDENTITY PRIMARY KEY, title VARCHAR(100), poster VARCHAR(250), type VARCHAR(100), year VARCHAR(25), imdbId VARCHAR(100), genre VARCHAR(250))
INSERT INTO MOVIES VALUES(10,'Batman & Robin','https://m.media-amazon.com/images/M/MV5BMGQ5YTM1NmMtYmIxYy00N2VmLWJhZTYtN2EwYTY3MWFhOTczXkEyXkFqcGdeQXVyNTA2NTI0MTY@._V1_SX300.jpg','movie','1997','tt0118688','Action, Sci-Fi')
COMMIT
DISCONNECT
/*C5*/SET SCHEMA PUBLIC
CREATE  table IF NOT EXISTS movies (id INTEGER IDENTITY PRIMARY KEY, title VARCHAR(100), poster VARCHAR(250), type VARCHAR(100), year VARCHAR(25), imdbId VARCHAR(100), genre VARCHAR(250))
DISCONNECT
/*C6*/SET SCHEMA PUBLIC
CREATE  table IF NOT EXISTS movies (id INTEGER IDENTITY PRIMARY KEY, title VARCHAR(100), poster VARCHAR(250), type VARCHAR(100), year VARCHAR(25), imdbId VARCHAR(100), genre VARCHAR(250))
DELETE FROM MOVIES WHERE ID=2
COMMIT
DISCONNECT
/*C7*/SET SCHEMA PUBLIC
CREATE  table IF NOT EXISTS movies (id INTEGER IDENTITY PRIMARY KEY, title VARCHAR(100), poster VARCHAR(250), type VARCHAR(100), year VARCHAR(25), imdbId VARCHAR(100), genre VARCHAR(250))
DISCONNECT
/*C8*/SET SCHEMA PUBLIC
CREATE  table IF NOT EXISTS movies (id INTEGER IDENTITY PRIMARY KEY, title VARCHAR(100), poster VARCHAR(250), type VARCHAR(100), year VARCHAR(25), imdbId VARCHAR(100), genre VARCHAR(250))
DELETE FROM MOVIES WHERE ID=6
COMMIT
DISCONNECT
/*C9*/SET SCHEMA PUBLIC
CREATE  table IF NOT EXISTS movies (id INTEGER IDENTITY PRIMARY KEY, title VARCHAR(100), poster VARCHAR(250), type VARCHAR(100), year VARCHAR(25), imdbId VARCHAR(100), genre VARCHAR(250))
DISCONNECT
/*C10*/SET SCHEMA PUBLIC
CREATE  table IF NOT EXISTS movies (id INTEGER IDENTITY PRIMARY KEY, title VARCHAR(100), poster VARCHAR(250), type VARCHAR(100), year VARCHAR(25), imdbId VARCHAR(100), genre VARCHAR(250))
DELETE FROM MOVIES WHERE ID=4
COMMIT
DISCONNECT
/*C11*/SET SCHEMA PUBLIC
CREATE  table IF NOT EXISTS movies (id INTEGER IDENTITY PRIMARY KEY, title VARCHAR(100), poster VARCHAR(250), type VARCHAR(100), year VARCHAR(25), imdbId VARCHAR(100), genre VARCHAR(250))
DISCONNECT
/*C12*/SET SCHEMA PUBLIC
CREATE  table IF NOT EXISTS movies (id INTEGER IDENTITY PRIMARY KEY, title VARCHAR(100), poster VARCHAR(250), type VARCHAR(100), year VARCHAR(25), imdbId VARCHAR(100), genre VARCHAR(250))
DISCONNECT
/*C13*/SET SCHEMA PUBLIC
CREATE  table IF NOT EXISTS movies (id INTEGER IDENTITY PRIMARY KEY, title VARCHAR(100), poster VARCHAR(250), type VARCHAR(100), year VARCHAR(25), imdbId VARCHAR(100), genre VARCHAR(250))
DISCONNECT
/*C14*/SET SCHEMA PUBLIC
CREATE  table IF NOT EXISTS movies (id INTEGER IDENTITY PRIMARY KEY, title VARCHAR(100), poster VARCHAR(250), type VARCHAR(100), year VARCHAR(25), imdbId VARCHAR(100), genre VARCHAR(250))
DISCONNECT
/*C15*/SET SCHEMA PUBLIC
CREATE  table IF NOT EXISTS movies (id INTEGER IDENTITY PRIMARY KEY, title VARCHAR(100), poster VARCHAR(250), type VARCHAR(100), year VARCHAR(25), imdbId VARCHAR(100), genre VARCHAR(250))
DISCONNECT
/*C16*/SET SCHEMA PUBLIC
CREATE  table IF NOT EXISTS movies (id INTEGER IDENTITY PRIMARY KEY, title VARCHAR(100), poster VARCHAR(250), type VARCHAR(100), year VARCHAR(25), imdbId VARCHAR(100), genre VARCHAR(250))
DISCONNECT
/*C17*/SET SCHEMA PUBLIC
CREATE  table IF NOT EXISTS movies (id INTEGER IDENTITY PRIMARY KEY, title VARCHAR(100), poster VARCHAR(250), type VARCHAR(100), year VARCHAR(25), imdbId VARCHAR(100), genre VARCHAR(250))
DISCONNECT
/*C18*/SET SCHEMA PUBLIC
CREATE  table IF NOT EXISTS movies (id INTEGER IDENTITY PRIMARY KEY, title VARCHAR(100), poster VARCHAR(250), type VARCHAR(100), year VARCHAR(25), imdbId VARCHAR(100), genre VARCHAR(250))
DISCONNECT
/*C19*/SET SCHEMA PUBLIC
CREATE  table IF NOT EXISTS movies (id INTEGER IDENTITY PRIMARY KEY, title VARCHAR(100), poster VARCHAR(250), type VARCHAR(100), year VARCHAR(25), imdbId VARCHAR(100), genre VARCHAR(250))
DISCONNECT
/*C20*/SET SCHEMA PUBLIC
CREATE  table IF NOT EXISTS movies (id INTEGER IDENTITY PRIMARY KEY, title VARCHAR(100), poster VARCHAR(250), type VARCHAR(100), year VARCHAR(25), imdbId VARCHAR(100), genre VARCHAR(250))
DISCONNECT
/*C21*/SET SCHEMA PUBLIC
CREATE  table IF NOT EXISTS movies (id INTEGER IDENTITY PRIMARY KEY, title VARCHAR(100), poster VARCHAR(250), type VARCHAR(100), year VARCHAR(25), imdbId VARCHAR(100), genre VARCHAR(250))
DISCONNECT
